--------------------------------------------------------------------------------------------------------------------------------------------------------------------------------------
      name:  <unnamed>
       log:  C:\Users\hyattjon\Box\Fall 2023\Econ 398\Final Project\output_from_regression\Final_Project.log
  log type:  text
 opened on:  18 Dec 2024, 12:35:27

. 
. // Import data
. use "data\final_data.dta", clear

. 
. // Drop missing retention values
. drop if missing(retention)
(0 observations deleted)

. 
. // Destring variables efficiently
. local varlist retention gradrate loan_ever pell_ever faminc adm_rate cost_attend avgfacsal

. foreach var of local varlist {
  2.     destring `var', replace force
  3. }
retention: all characters numeric; replaced as double
gradrate: contains nonnumeric characters; replaced as double
(243 missing values generated)
loan_ever: contains nonnumeric characters; replaced as double
(3629 missing values generated)
pell_ever: contains nonnumeric characters; replaced as double
(3036 missing values generated)
faminc: contains nonnumeric characters; replaced as double
(2288 missing values generated)
adm_rate: contains nonnumeric characters; replaced as double
(2391 missing values generated)
cost_attend: contains nonnumeric characters; replaced as long
(3206 missing values generated)
avgfacsal: contains nonnumeric characters; replaced as int
(225 missing values generated)

. 
. // Sort data
. sort fips instnm year

. 
. // Impute missing values
. *if Stata version <17
. foreach var in adm_rate cost_attend loan_ever pell_ever faminc avgfacsal gradrate {
  2.     egen mean_`var' = mean(`var')
  3.     replace `var' = mean_`var' if missing(`var')
  4.     drop mean_`var'
  5. }
(2,391 real changes made)
variable cost_attend was long now double
(3,206 real changes made)
(3,629 real changes made)
(3,036 real changes made)
(2,288 real changes made)
variable avgfacsal was int now float
(225 real changes made)
(243 real changes made)

. 
. *if Stata version >=17
. fillmissing adm_rate cost_attend loan_ever pell_ever faminc avgfacsal gradrate, replace
command fillmissing is unrecognized
r(199);

end of do-file

r(199);

. clear

. do "C:\Users\hyattjon\AppData\Local\Temp\15\STD2990_000006.tmp"

. cap log close
